yarn add v1.22.10
warning ../../../../package.json: No license field
[1/4] Resolving packages...
warning storybook > @storybook/cli > jscodeshift > @babel/plugin-proposal-class-properties@7.18.6: This proposal has been merged to the ECMAScript standard and thus this plugin is no longer maintained. Please use @babel/plugin-transform-class-properties instead.
warning storybook > @storybook/cli > jscodeshift > @babel/plugin-proposal-nullish-coalescing-operator@7.18.6: This proposal has been merged to the ECMAScript standard and thus this plugin is no longer maintained. Please use @babel/plugin-transform-nullish-coalescing-operator instead.
warning storybook > @storybook/cli > jscodeshift > @babel/plugin-proposal-optional-chaining@7.21.0: This proposal has been merged to the ECMAScript standard and thus this plugin is no longer maintained. Please use @babel/plugin-transform-optional-chaining instead.
warning @storybook/nextjs > @storybook/builder-webpack5 > fork-ts-checker-webpack-plugin > memfs@3.6.0: this will be v4
warning @storybook/nextjs > @storybook/builder-webpack5 > webpack-dev-middleware > memfs@3.6.0: this will be v4
[2/4] Fetching packages...
info @next/swc-darwin-arm64@14.0.1: The CPU architecture "x64" is incompatible with this module.
info "@next/swc-darwin-arm64@14.0.1" is an optional dependency and failed compatibility check. Excluding it from installation.
info @next/swc-linux-arm64-gnu@14.0.1: The platform "darwin" is incompatible with this module.
info "@next/swc-linux-arm64-gnu@14.0.1" is an optional dependency and failed compatibility check. Excluding it from installation.
info @next/swc-linux-arm64-gnu@14.0.1: The CPU architecture "x64" is incompatible with this module.
info @next/swc-linux-arm64-musl@14.0.1: The platform "darwin" is incompatible with this module.
info "@next/swc-linux-arm64-musl@14.0.1" is an optional dependency and failed compatibility check. Excluding it from installation.
info @next/swc-linux-arm64-musl@14.0.1: The CPU architecture "x64" is incompatible with this module.
info @next/swc-linux-x64-gnu@14.0.1: The platform "darwin" is incompatible with this module.
info "@next/swc-linux-x64-gnu@14.0.1" is an optional dependency and failed compatibility check. Excluding it from installation.
info @next/swc-linux-x64-musl@14.0.1: The platform "darwin" is incompatible with this module.
info "@next/swc-linux-x64-musl@14.0.1" is an optional dependency and failed compatibility check. Excluding it from installation.
info @next/swc-win32-arm64-msvc@14.0.1: The platform "darwin" is incompatible with this module.
info "@next/swc-win32-arm64-msvc@14.0.1" is an optional dependency and failed compatibility check. Excluding it from installation.
info @next/swc-win32-arm64-msvc@14.0.1: The CPU architecture "x64" is incompatible with this module.
info @next/swc-win32-ia32-msvc@14.0.1: The platform "darwin" is incompatible with this module.
info "@next/swc-win32-ia32-msvc@14.0.1" is an optional dependency and failed compatibility check. Excluding it from installation.
info @next/swc-win32-ia32-msvc@14.0.1: The CPU architecture "x64" is incompatible with this module.
info @next/swc-win32-x64-msvc@14.0.1: The platform "darwin" is incompatible with this module.
info "@next/swc-win32-x64-msvc@14.0.1" is an optional dependency and failed compatibility check. Excluding it from installation.
info @esbuild/android-arm@0.18.20: The platform "darwin" is incompatible with this module.
info "@esbuild/android-arm@0.18.20" is an optional dependency and failed compatibility check. Excluding it from installation.
info @esbuild/android-arm@0.18.20: The CPU architecture "x64" is incompatible with this module.
info @esbuild/android-arm64@0.18.20: The platform "darwin" is incompatible with this module.
info "@esbuild/android-arm64@0.18.20" is an optional dependency and failed compatibility check. Excluding it from installation.
info @esbuild/android-arm64@0.18.20: The CPU architecture "x64" is incompatible with this module.
info @esbuild/darwin-arm64@0.18.20: The CPU architecture "x64" is incompatible with this module.
info "@esbuild/darwin-arm64@0.18.20" is an optional dependency and failed compatibility check. Excluding it from installation.
info @esbuild/android-x64@0.18.20: The platform "darwin" is incompatible with this module.
info "@esbuild/android-x64@0.18.20" is an optional dependency and failed compatibility check. Excluding it from installation.
info @esbuild/freebsd-arm64@0.18.20: The platform "darwin" is incompatible with this module.
info "@esbuild/freebsd-arm64@0.18.20" is an optional dependency and failed compatibility check. Excluding it from installation.
info @esbuild/freebsd-arm64@0.18.20: The CPU architecture "x64" is incompatible with this module.
info @esbuild/freebsd-x64@0.18.20: The platform "darwin" is incompatible with this module.
info "@esbuild/freebsd-x64@0.18.20" is an optional dependency and failed compatibility check. Excluding it from installation.
info @esbuild/linux-arm@0.18.20: The platform "darwin" is incompatible with this module.
info "@esbuild/linux-arm@0.18.20" is an optional dependency and failed compatibility check. Excluding it from installation.
info @esbuild/linux-arm@0.18.20: The CPU architecture "x64" is incompatible with this module.
info @esbuild/linux-loong64@0.18.20: The platform "darwin" is incompatible with this module.
info "@esbuild/linux-loong64@0.18.20" is an optional dependency and failed compatibility check. Excluding it from installation.
info @esbuild/linux-loong64@0.18.20: The CPU architecture "x64" is incompatible with this module.
info @esbuild/linux-arm64@0.18.20: The platform "darwin" is incompatible with this module.
info "@esbuild/linux-arm64@0.18.20" is an optional dependency and failed compatibility check. Excluding it from installation.
info @esbuild/linux-arm64@0.18.20: The CPU architecture "x64" is incompatible with this module.
info @esbuild/linux-mips64el@0.18.20: The platform "darwin" is incompatible with this module.
info "@esbuild/linux-mips64el@0.18.20" is an optional dependency and failed compatibility check. Excluding it from installation.
info @esbuild/linux-mips64el@0.18.20: The CPU architecture "x64" is incompatible with this module.
info @esbuild/linux-riscv64@0.18.20: The platform "darwin" is incompatible with this module.
info "@esbuild/linux-riscv64@0.18.20" is an optional dependency and failed compatibility check. Excluding it from installation.
info @esbuild/linux-riscv64@0.18.20: The CPU architecture "x64" is incompatible with this module.
info @esbuild/linux-x64@0.18.20: The platform "darwin" is incompatible with this module.
info "@esbuild/linux-x64@0.18.20" is an optional dependency and failed compatibility check. Excluding it from installation.
info @esbuild/netbsd-x64@0.18.20: The platform "darwin" is incompatible with this module.
info "@esbuild/netbsd-x64@0.18.20" is an optional dependency and failed compatibility check. Excluding it from installation.
info @esbuild/linux-s390x@0.18.20: The platform "darwin" is incompatible with this module.
info "@esbuild/linux-s390x@0.18.20" is an optional dependency and failed compatibility check. Excluding it from installation.
info @esbuild/linux-s390x@0.18.20: The CPU architecture "x64" is incompatible with this module.
info @esbuild/linux-ppc64@0.18.20: The platform "darwin" is incompatible with this module.
info "@esbuild/linux-ppc64@0.18.20" is an optional dependency and failed compatibility check. Excluding it from installation.
info @esbuild/linux-ppc64@0.18.20: The CPU architecture "x64" is incompatible with this module.
info @esbuild/openbsd-x64@0.18.20: The platform "darwin" is incompatible with this module.
info "@esbuild/openbsd-x64@0.18.20" is an optional dependency and failed compatibility check. Excluding it from installation.
info @esbuild/sunos-x64@0.18.20: The platform "darwin" is incompatible with this module.
info "@esbuild/sunos-x64@0.18.20" is an optional dependency and failed compatibility check. Excluding it from installation.
info @esbuild/win32-arm64@0.18.20: The platform "darwin" is incompatible with this module.
info "@esbuild/win32-arm64@0.18.20" is an optional dependency and failed compatibility check. Excluding it from installation.
info @esbuild/win32-arm64@0.18.20: The CPU architecture "x64" is incompatible with this module.
info @esbuild/win32-ia32@0.18.20: The platform "darwin" is incompatible with this module.
info "@esbuild/win32-ia32@0.18.20" is an optional dependency and failed compatibility check. Excluding it from installation.
info @esbuild/win32-ia32@0.18.20: The CPU architecture "x64" is incompatible with this module.
info @esbuild/win32-x64@0.18.20: The platform "darwin" is incompatible with this module.
info "@esbuild/win32-x64@0.18.20" is an optional dependency and failed compatibility check. Excluding it from installation.
info @esbuild/linux-ia32@0.18.20: The platform "darwin" is incompatible with this module.
info "@esbuild/linux-ia32@0.18.20" is an optional dependency and failed compatibility check. Excluding it from installation.
info @esbuild/linux-ia32@0.18.20: The CPU architecture "x64" is incompatible with this module.
info @swc/core-win32-x64-msvc@1.3.95: The platform "darwin" is incompatible with this module.
info "@swc/core-win32-x64-msvc@1.3.95" is an optional dependency and failed compatibility check. Excluding it from installation.
info @swc/core-linux-x64-musl@1.3.95: The platform "darwin" is incompatible with this module.
info "@swc/core-linux-x64-musl@1.3.95" is an optional dependency and failed compatibility check. Excluding it from installation.
info @swc/core-linux-arm64-gnu@1.3.95: The platform "darwin" is incompatible with this module.
info "@swc/core-linux-arm64-gnu@1.3.95" is an optional dependency and failed compatibility check. Excluding it from installation.
info @swc/core-linux-arm64-gnu@1.3.95: The CPU architecture "x64" is incompatible with this module.
info @swc/core-linux-x64-gnu@1.3.95: The platform "darwin" is incompatible with this module.
info "@swc/core-linux-x64-gnu@1.3.95" is an optional dependency and failed compatibility check. Excluding it from installation.
info @swc/core-linux-arm-gnueabihf@1.3.95: The platform "darwin" is incompatible with this module.
info "@swc/core-linux-arm-gnueabihf@1.3.95" is an optional dependency and failed compatibility check. Excluding it from installation.
info @swc/core-linux-arm-gnueabihf@1.3.95: The CPU architecture "x64" is incompatible with this module.
info @swc/core-win32-ia32-msvc@1.3.95: The platform "darwin" is incompatible with this module.
info "@swc/core-win32-ia32-msvc@1.3.95" is an optional dependency and failed compatibility check. Excluding it from installation.
info @swc/core-win32-ia32-msvc@1.3.95: The CPU architecture "x64" is incompatible with this module.
info @swc/core-win32-arm64-msvc@1.3.95: The platform "darwin" is incompatible with this module.
info "@swc/core-win32-arm64-msvc@1.3.95" is an optional dependency and failed compatibility check. Excluding it from installation.
info @swc/core-win32-arm64-msvc@1.3.95: The CPU architecture "x64" is incompatible with this module.
info @swc/core-darwin-arm64@1.3.95: The CPU architecture "x64" is incompatible with this module.
info "@swc/core-darwin-arm64@1.3.95" is an optional dependency and failed compatibility check. Excluding it from installation.
info @swc/core-linux-arm64-musl@1.3.95: The platform "darwin" is incompatible with this module.
info "@swc/core-linux-arm64-musl@1.3.95" is an optional dependency and failed compatibility check. Excluding it from installation.
info @swc/core-linux-arm64-musl@1.3.95: The CPU architecture "x64" is incompatible with this module.
[3/4] Linking dependencies...
warning "@storybook/nextjs > css-loader@6.8.1" has unmet peer dependency "webpack@^5.0.0".
warning "@storybook/nextjs > sass-loader@12.6.0" has unmet peer dependency "webpack@^5.0.0".
warning "@storybook/nextjs > style-loader@3.3.3" has unmet peer dependency "webpack@^5.0.0".
warning "@storybook/nextjs > postcss-loader@7.3.3" has unmet peer dependency "webpack@^5.0.0".
warning "@storybook/nextjs > node-polyfill-webpack-plugin@2.0.1" has unmet peer dependency "webpack@>=5".
error An unexpected error occurred: "ENOSPC: no space left on device, copyfile '/Users/mac/Library/Caches/Yarn/v6/npm-@types-node-20.8.10-a5448b895c753ae929c26ce85cab557c6d4a365e-integrity/node_modules/@types/node/wasi.d.ts' -> '/Users/mac/Desktop/work/interview/TaskList/node_modules/@types/connect/node_modules/@types/node/wasi.d.ts'".
info If you think this is a bug, please open a bug report with the information provided in "/Users/mac/Desktop/work/interview/TaskList/yarn-error.log".
info Visit https://yarnpkg.com/en/docs/cli/add for documentation about this command.
